<?xml version="1.0" encoding="UTF-8"?>
<testsuite xmlns:xsi="http://www.w3.org/2001/XMLSchema-instance" xsi:schemaLocation="https://maven.apache.org/surefire/maven-surefire-plugin/xsd/surefire-test-report.xsd" name="net.coru.multiapi.converter.asyncapi.AsyncApiContractConverterTest" time="0.63" tests="11" errors="0" skipped="0" failures="0">
  <properties>
[...]
</properties>
  <testcase name="testArraysWithRef" classname="net.coru.multiapi.converter.asyncapi.AsyncApiContractConverterTest" time="0.326"/>
  <testcase name="testBasicTypes" classname="net.coru.multiapi.converter.asyncapi.AsyncApiContractConverterTest" time="0.015"/>
  <testcase name="testExternalFilesWithMultipleSchemas" classname="net.coru.multiapi.converter.asyncapi.AsyncApiContractConverterTest" time="0.019"/>
  <testcase name="testEnums" classname="net.coru.multiapi.converter.asyncapi.AsyncApiContractConverterTest" time="0.014"/>
  <testcase name="testInput" classname="net.coru.multiapi.converter.asyncapi.AsyncApiContractConverterTest" time="0.024"/>
  <testcase name="testComplexObjects" classname="net.coru.multiapi.converter.asyncapi.AsyncApiContractConverterTest" time="0.005"/>
  <testcase name="convertFromTest" classname="net.coru.multiapi.converter.asyncapi.AsyncApiContractConverterTest" time="0.014"/>
  <testcase name="testOutputMessage" classname="net.coru.multiapi.converter.asyncapi.AsyncApiContractConverterTest" time="0.012"/>
  <testcase name="fileIsAcceptedTrue" classname="net.coru.multiapi.converter.asyncapi.AsyncApiContractConverterTest" time="0.004"/>
  <testcase name="testArrays" classname="net.coru.multiapi.converter.asyncapi.AsyncApiContractConverterTest" time="0.01"/>
  <testcase name="testExternalFiles" classname="net.coru.multiapi.converter.asyncapi.AsyncApiContractConverterTest" time="0.007"/>
</testsuite>